{"/Users/kengosuzuki/Dev/flocker/src/App.vue": {"path":"/Users/kengosuzuki/Dev/flocker/src/App.vue","statementMap":{"0":{"start":{"line":12,"column":0},"end":{"line":12,"column":null}},"1":{"start":{"line":13,"column":0},"end":{"line":13,"column":null}}},"fnMap":{},"branchMap":{},"s":{"0":1,"1":1},"f":{},"b":{}}
,"/Users/kengosuzuki/Dev/flocker/src/assets/logo.svg": {"path":"/Users/kengosuzuki/Dev/flocker/src/assets/logo.svg","statementMap":{"0":{"start":{"line":1,"column":0},"end":{"line":1,"column":19}}},"fnMap":{},"branchMap":{},"s":{"0":1},"f":{},"b":{},"_coverageSchema":"43e27e138ebf9cfc5966b082cf9a028302ed4184","hash":"629ff3067531bad81d4759c205e02b0c912a2dc2"}
,"/Users/kengosuzuki/Dev/flocker/src/components/HelloWorld.vue": {"path":"/Users/kengosuzuki/Dev/flocker/src/components/HelloWorld.vue","statementMap":{"0":{"start":{"line":102,"column":0},"end":{"line":102,"column":null}}},"fnMap":{"0":{"name":"(anonymous_1)","decl":{"start":{"line":102,"column":0},"end":{"line":102,"column":null}},"loc":{"start":{"line":102,"column":0},"end":{"line":102,"column":null}}}},"branchMap":{},"s":{"0":1},"f":{"0":1},"b":{}}
,"/Users/kengosuzuki/Dev/flocker/src/components/atoms/LoginBtn.vue": {"path":"/Users/kengosuzuki/Dev/flocker/src/components/atoms/LoginBtn.vue","statementMap":{"0":{"start":{"line":13,"column":0},"end":{"line":13,"column":null}},"1":{"start":{"line":18,"column":0},"end":{"line":18,"column":null}},"2":{"start":{"line":22,"column":0},"end":{"line":22,"column":null}},"3":{"start":{"line":27,"column":0},"end":{"line":27,"column":null}}},"fnMap":{"0":{"name":"(anonymous_1)","decl":{"start":{"line":17,"column":0},"end":{"line":17,"column":null}},"loc":{"start":{"line":17,"column":0},"end":{"line":19,"column":null}}},"1":{"name":"(anonymous_2)","decl":{"start":{"line":21,"column":0},"end":{"line":21,"column":null}},"loc":{"start":{"line":21,"column":0},"end":{"line":23,"column":null}}},"2":{"name":"(anonymous_3)","decl":{"start":{"line":26,"column":0},"end":{"line":26,"column":null}},"loc":{"start":{"line":26,"column":0},"end":{"line":28,"column":null}}}},"branchMap":{},"s":{"0":1,"1":0,"2":0,"3":0},"f":{"0":0,"1":0,"2":0},"b":{}}
,"/Users/kengosuzuki/Dev/flocker/src/components/atoms/UserIcon.vue": {"path":"/Users/kengosuzuki/Dev/flocker/src/components/atoms/UserIcon.vue","statementMap":{"0":{"start":{"line":11,"column":0},"end":{"line":11,"column":null}},"1":{"start":{"line":16,"column":0},"end":{"line":16,"column":null}},"2":{"start":{"line":20,"column":0},"end":{"line":20,"column":null}}},"fnMap":{"0":{"name":"(anonymous_1)","decl":{"start":{"line":15,"column":0},"end":{"line":15,"column":null}},"loc":{"start":{"line":15,"column":0},"end":{"line":17,"column":null}}},"1":{"name":"(anonymous_2)","decl":{"start":{"line":19,"column":0},"end":{"line":19,"column":null}},"loc":{"start":{"line":19,"column":0},"end":{"line":21,"column":null}}}},"branchMap":{},"s":{"0":1,"1":0,"2":0},"f":{"0":0,"1":0},"b":{}}
,"/Users/kengosuzuki/Dev/flocker/src/components/organisms/HeadBar.vue": {"path":"/Users/kengosuzuki/Dev/flocker/src/components/organisms/HeadBar.vue","statementMap":{"0":{"start":{"line":60,"column":0},"end":{"line":60,"column":null}},"1":{"start":{"line":61,"column":0},"end":{"line":61,"column":null}},"2":{"start":{"line":62,"column":0},"end":{"line":62,"column":null}},"3":{"start":{"line":63,"column":0},"end":{"line":63,"column":null}},"4":{"start":{"line":73,"column":0},"end":{"line":73,"column":null}},"5":{"start":{"line":77,"column":0},"end":{"line":77,"column":null}},"6":{"start":{"line":80,"column":0},"end":{"line":80,"column":null}},"7":{"start":{"line":85,"column":0},"end":{"line":85,"column":null}}},"fnMap":{"0":{"name":"(anonymous_1)","decl":{"start":{"line":72,"column":0},"end":{"line":72,"column":null}},"loc":{"start":{"line":72,"column":0},"end":{"line":74,"column":null}}},"1":{"name":"(anonymous_2)","decl":{"start":{"line":76,"column":0},"end":{"line":76,"column":null}},"loc":{"start":{"line":76,"column":0},"end":{"line":78,"column":null}}},"2":{"name":"(anonymous_3)","decl":{"start":{"line":79,"column":0},"end":{"line":79,"column":null}},"loc":{"start":{"line":79,"column":0},"end":{"line":81,"column":null}}},"3":{"name":"(anonymous_4)","decl":{"start":{"line":84,"column":0},"end":{"line":84,"column":null}},"loc":{"start":{"line":84,"column":0},"end":{"line":86,"column":null}}}},"branchMap":{},"s":{"0":1,"1":1,"2":1,"3":1,"4":0,"5":0,"6":0,"7":0},"f":{"0":0,"1":0,"2":0,"3":0},"b":{}}
,"/Users/kengosuzuki/Dev/flocker/src/plugins/firebase.js": {"path":"/Users/kengosuzuki/Dev/flocker/src/plugins/firebase.js","statementMap":{"0":{"start":{"line":5,"column":23},"end":{"line":14,"column":1}},"1":{"start":{"line":18,"column":4},"end":{"line":18,"column":42}},"2":{"start":{"line":19,"column":4},"end":{"line":19,"column":24}},"3":{"start":{"line":20,"column":4},"end":{"line":20,"column":72}},"4":{"start":{"line":23,"column":21},"end":{"line":23,"column":60}},"5":{"start":{"line":24,"column":4},"end":{"line":37,"column":6}},"6":{"start":{"line":25,"column":6},"end":{"line":36,"column":7}},"7":{"start":{"line":26,"column":28},"end":{"line":31,"column":9}},"8":{"start":{"line":32,"column":8},"end":{"line":32,"column":56}},"9":{"start":{"line":33,"column":25},"end":{"line":33,"column":45}},"10":{"start":{"line":34,"column":22},"end":{"line":34,"column":50}},"11":{"start":{"line":35,"column":8},"end":{"line":35,"column":55}},"12":{"start":{"line":40,"column":4},"end":{"line":40,"column":29}},"13":{"start":{"line":43,"column":4},"end":{"line":56,"column":6}},"14":{"start":{"line":44,"column":6},"end":{"line":55,"column":7}},"15":{"start":{"line":45,"column":25},"end":{"line":45,"column":45}},"16":{"start":{"line":46,"column":8},"end":{"line":51,"column":10}},"17":{"start":{"line":47,"column":10},"end":{"line":50,"column":11}},"18":{"start":{"line":48,"column":25},"end":{"line":48,"column":47}},"19":{"start":{"line":49,"column":12},"end":{"line":49,"column":53}},"20":{"start":{"line":53,"column":21},"end":{"line":53,"column":23}},"21":{"start":{"line":54,"column":8},"end":{"line":54,"column":49}}},"fnMap":{"0":{"name":"(anonymous_0)","decl":{"start":{"line":17,"column":2},"end":{"line":17,"column":3}},"loc":{"start":{"line":17,"column":9},"end":{"line":21,"column":3}},"line":17},"1":{"name":"(anonymous_1)","decl":{"start":{"line":22,"column":2},"end":{"line":22,"column":3}},"loc":{"start":{"line":22,"column":10},"end":{"line":38,"column":3}},"line":22},"2":{"name":"(anonymous_2)","decl":{"start":{"line":24,"column":51},"end":{"line":24,"column":52}},"loc":{"start":{"line":24,"column":63},"end":{"line":37,"column":5}},"line":24},"3":{"name":"(anonymous_3)","decl":{"start":{"line":39,"column":2},"end":{"line":39,"column":3}},"loc":{"start":{"line":39,"column":11},"end":{"line":41,"column":3}},"line":39},"4":{"name":"(anonymous_4)","decl":{"start":{"line":42,"column":2},"end":{"line":42,"column":3}},"loc":{"start":{"line":42,"column":11},"end":{"line":57,"column":3}},"line":42},"5":{"name":"(anonymous_5)","decl":{"start":{"line":43,"column":39},"end":{"line":43,"column":40}},"loc":{"start":{"line":43,"column":54},"end":{"line":56,"column":5}},"line":43},"6":{"name":"(anonymous_6)","decl":{"start":{"line":46,"column":69},"end":{"line":46,"column":70}},"loc":{"start":{"line":46,"column":78},"end":{"line":51,"column":9}},"line":46}},"branchMap":{"0":{"loc":{"start":{"line":25,"column":6},"end":{"line":36,"column":7}},"type":"if","locations":[{"start":{"line":25,"column":6},"end":{"line":36,"column":7}},{"start":{"line":25,"column":6},"end":{"line":36,"column":7}}],"line":25},"1":{"loc":{"start":{"line":44,"column":6},"end":{"line":55,"column":7}},"type":"if","locations":[{"start":{"line":44,"column":6},"end":{"line":55,"column":7}},{"start":{"line":44,"column":6},"end":{"line":55,"column":7}}],"line":44},"2":{"loc":{"start":{"line":47,"column":10},"end":{"line":50,"column":11}},"type":"if","locations":[{"start":{"line":47,"column":10},"end":{"line":50,"column":11}},{"start":{"line":47,"column":10},"end":{"line":50,"column":11}}],"line":47}},"s":{"0":1,"1":0,"2":0,"3":0,"4":0,"5":0,"6":0,"7":0,"8":0,"9":0,"10":0,"11":0,"12":0,"13":0,"14":0,"15":0,"16":0,"17":0,"18":0,"19":0,"20":0,"21":0},"f":{"0":0,"1":0,"2":0,"3":0,"4":0,"5":0,"6":0},"b":{"0":[0,0],"1":[0,0],"2":[0,0]},"_coverageSchema":"43e27e138ebf9cfc5966b082cf9a028302ed4184","hash":"8deed9d583573a75583dc730ba97e91b95c0253e"}
,"/Users/kengosuzuki/Dev/flocker/src/plugins/store.js": {"path":"/Users/kengosuzuki/Dev/flocker/src/plugins/store.js","statementMap":{"0":{"start":{"line":4,"column":0},"end":{"line":4,"column":13}},"1":{"start":{"line":18,"column":6},"end":{"line":18,"column":23}},"2":{"start":{"line":21,"column":6},"end":{"line":21,"column":25}},"3":{"start":{"line":26,"column":6},"end":{"line":26,"column":31}},"4":{"start":{"line":27,"column":6},"end":{"line":27,"column":47}},"5":{"start":{"line":29,"column":6},"end":{"line":29,"column":41}},"6":{"start":{"line":30,"column":6},"end":{"line":30,"column":44}},"7":{"start":{"line":33,"column":6},"end":{"line":33,"column":36}},"8":{"start":{"line":36,"column":6},"end":{"line":36,"column":27}},"9":{"start":{"line":41,"column":6},"end":{"line":41,"column":29}},"10":{"start":{"line":42,"column":6},"end":{"line":42,"column":42}}},"fnMap":{"0":{"name":"(anonymous_0)","decl":{"start":{"line":17,"column":4},"end":{"line":17,"column":5}},"loc":{"start":{"line":17,"column":16},"end":{"line":19,"column":5}},"line":17},"1":{"name":"(anonymous_1)","decl":{"start":{"line":20,"column":4},"end":{"line":20,"column":5}},"loc":{"start":{"line":20,"column":22},"end":{"line":22,"column":5}},"line":20},"2":{"name":"(anonymous_2)","decl":{"start":{"line":25,"column":4},"end":{"line":25,"column":5}},"loc":{"start":{"line":25,"column":25},"end":{"line":31,"column":5}},"line":25},"3":{"name":"(anonymous_3)","decl":{"start":{"line":32,"column":4},"end":{"line":32,"column":5}},"loc":{"start":{"line":32,"column":33},"end":{"line":34,"column":5}},"line":32},"4":{"name":"(anonymous_4)","decl":{"start":{"line":35,"column":4},"end":{"line":35,"column":5}},"loc":{"start":{"line":35,"column":30},"end":{"line":37,"column":5}},"line":35},"5":{"name":"(anonymous_5)","decl":{"start":{"line":40,"column":4},"end":{"line":40,"column":5}},"loc":{"start":{"line":40,"column":34},"end":{"line":43,"column":5}},"line":40}},"branchMap":{"0":{"loc":{"start":{"line":30,"column":21},"end":{"line":30,"column":44}},"type":"cond-expr","locations":[{"start":{"line":30,"column":32},"end":{"line":30,"column":36}},{"start":{"line":30,"column":39},"end":{"line":30,"column":44}}],"line":30}},"s":{"0":1,"1":0,"2":0,"3":0,"4":0,"5":0,"6":0,"7":0,"8":0,"9":0,"10":0},"f":{"0":0,"1":0,"2":0,"3":0,"4":0,"5":0},"b":{"0":[0,0]},"_coverageSchema":"43e27e138ebf9cfc5966b082cf9a028302ed4184","hash":"a088b46ed5a2cf1bda614123eb43379e1e2d3e11"}
}
